NSCache INIT = 
{.: {f.root-servers.net.: <CE exp=9223372035439299273s auth=True>}}









































================================================================================================================================================================================================================================================================================================================================================================================================================
Best matching RR's for www.microsoft.com. are for parent domain "."
 the nameserves in cache for that zone are as follows:

f.root-servers.net.

This will probably get added to SLIST
NSCache is:
{  .: {  f.root-servers.net.: <CE exp=9223372035439299270s auth=True>}}

Picking from slist, checking if we have an A record (probably supplied as glue) in cache for: f.root-servers.net.

    We have: f.root-servers.net.@192.5.5.241

sending question for A record for  www.microsoft.com.  to f.root-servers.net. @('192.5.5.241', 53):
0000   F4 7C 00 00 00 01 00 00 00 00 00 00 03 77 77 77    .|...........www
0010   09 6D 69 63 72 6F 73 6F 66 74 03 63 6F 6D 00 00    .microsoft.com..
0020   01 00 01                                           ...


Answer received from f.root-servers.net. server is:
 {  'additional': [  (a.gtld-servers.net., 172800, IN, A, 192.5.6.30),
                    <gz01.dnslib.RR.RR_AAAA instance at 0x10df353b0>,
                    (b.gtld-servers.net., 172800, IN, A, 192.33.14.30),
                    <gz01.dnslib.RR.RR_AAAA instance at 0x10df35560>,
                    (c.gtld-servers.net., 172800, IN, A, 192.26.92.30),
                    (d.gtld-servers.net., 172800, IN, A, 192.31.80.30),
                    (e.gtld-servers.net., 172800, IN, A, 192.12.94.30),
                    (f.gtld-servers.net., 172800, IN, A, 192.35.51.30),
                    (g.gtld-servers.net., 172800, IN, A, 192.42.93.30),
                    (h.gtld-servers.net., 172800, IN, A, 192.54.112.30),
                    (i.gtld-servers.net., 172800, IN, A, 192.43.172.30),
                    (j.gtld-servers.net., 172800, IN, A, 192.48.79.30),
                    (k.gtld-servers.net., 172800, IN, A, 192.52.178.30),
                    (l.gtld-servers.net., 172800, IN, A, 192.41.162.30)],
   'answer': [],
   'authority': [  (com., 172800, IN, NS, f.gtld-servers.net.),
                   (com., 172800, IN, NS, e.gtld-servers.net.),
                   (com., 172800, IN, NS, j.gtld-servers.net.),
                   (com., 172800, IN, NS, h.gtld-servers.net.),
                   (com., 172800, IN, NS, l.gtld-servers.net.),
                   (com., 172800, IN, NS, g.gtld-servers.net.),
                   (com., 172800, IN, NS, c.gtld-servers.net.),
                   (com., 172800, IN, NS, a.gtld-servers.net.),
                   (com., 172800, IN, NS, m.gtld-servers.net.),
                   (com., 172800, IN, NS, b.gtld-servers.net.),
                   (com., 172800, IN, NS, i.gtld-servers.net.),
                   (com., 172800, IN, NS, d.gtld-servers.net.),
                   (com., 172800, IN, NS, k.gtld-servers.net.)],
   'header': <gz01.dnslib.Header.Header instance at 0x10df25cb0>,
   'question': [<gz01.dnslib.QE.QE instance at 0x10df25e18>]}
**************************************************
Best matching RR's for www.microsoft.com. are for parent domain "com."
 the nameserves in cache for that zone are as follows:

m.gtld-servers.net.

j.gtld-servers.net.

d.gtld-servers.net.

h.gtld-servers.net.

l.gtld-servers.net.

c.gtld-servers.net.

a.gtld-servers.net.

g.gtld-servers.net.

e.gtld-servers.net.

b.gtld-servers.net.

k.gtld-servers.net.

i.gtld-servers.net.

f.gtld-servers.net.

This will probably get added to SLIST
NSCache is:
{  .: {  f.root-servers.net.: <CE exp=9223372035439299270s auth=True>},
   com.: {  a.gtld-servers.net.: <CE exp=172800s auth=False>,
            b.gtld-servers.net.: <CE exp=172800s auth=False>,
            c.gtld-servers.net.: <CE exp=172800s auth=False>,
            d.gtld-servers.net.: <CE exp=172800s auth=False>,
            e.gtld-servers.net.: <CE exp=172800s auth=False>,
            f.gtld-servers.net.: <CE exp=172800s auth=False>,
            g.gtld-servers.net.: <CE exp=172800s auth=False>,
            h.gtld-servers.net.: <CE exp=172800s auth=False>,
            i.gtld-servers.net.: <CE exp=172800s auth=False>,
            j.gtld-servers.net.: <CE exp=172800s auth=False>,
            k.gtld-servers.net.: <CE exp=172800s auth=False>,
            l.gtld-servers.net.: <CE exp=172800s auth=False>,
            m.gtld-servers.net.: <CE exp=172800s auth=False>}}

Picking from slist, checking if we have an A record (probably supplied as glue) in cache for: f.gtld-servers.net.

    We have: f.gtld-servers.net.@192.35.51.30

sending question for A record for  www.microsoft.com.  to f.gtld-servers.net. @('192.35.51.30', 53):
0000   32 4B 00 00 00 01 00 00 00 00 00 00 03 77 77 77    2K...........www
0010   09 6D 69 63 72 6F 73 6F 66 74 03 63 6F 6D 00 00    .microsoft.com..
0020   01 00 01                                           ...


Answer received from f.gtld-servers.net. server is:
 {  'additional': [  (ns3.msft.net., 172800, IN, A, 213.199.180.53),
                    <gz01.dnslib.RR.RR_AAAA instance at 0x10df407e8>,
                    <gz01.dnslib.RR.RR_AAAA instance at 0x10df408c0>,
                    (ns1.msft.net., 172800, IN, A, 65.55.37.62),
                    (ns2.msft.net., 172800, IN, A, 208.84.2.53),
                    <gz01.dnslib.RR.RR_AAAA instance at 0x10df40b48>,
                    (ns4.msft.net., 172800, IN, A, 208.76.45.53),
                    <gz01.dnslib.RR.RR_AAAA instance at 0x10df40cf8>],
   'answer': [],
   'authority': [  (microsoft.com., 172800, IN, NS, ns3.msft.net.),
                   (microsoft.com., 172800, IN, NS, ns1.msft.net.),
                   (microsoft.com., 172800, IN, NS, ns2.msft.net.),
                   (microsoft.com., 172800, IN, NS, ns4.msft.net.)],
   'header': <gz01.dnslib.Header.Header instance at 0x10df3af38>,
   'question': [<gz01.dnslib.QE.QE instance at 0x10df40050>]}
**************************************************
Best matching RR's for www.microsoft.com. are for parent domain "microsoft.com."
 the nameserves in cache for that zone are as follows:

ns1.msft.net.

ns4.msft.net.

ns3.msft.net.

ns2.msft.net.

This will probably get added to SLIST
NSCache is:
{  .: {  f.root-servers.net.: <CE exp=9223372035439299270s auth=True>},
   com.: {  a.gtld-servers.net.: <CE exp=172800s auth=False>,
            b.gtld-servers.net.: <CE exp=172800s auth=False>,
            c.gtld-servers.net.: <CE exp=172800s auth=False>,
            d.gtld-servers.net.: <CE exp=172800s auth=False>,
            e.gtld-servers.net.: <CE exp=172800s auth=False>,
            f.gtld-servers.net.: <CE exp=172800s auth=False>,
            g.gtld-servers.net.: <CE exp=172800s auth=False>,
            h.gtld-servers.net.: <CE exp=172800s auth=False>,
            i.gtld-servers.net.: <CE exp=172800s auth=False>,
            j.gtld-servers.net.: <CE exp=172800s auth=False>,
            k.gtld-servers.net.: <CE exp=172800s auth=False>,
            l.gtld-servers.net.: <CE exp=172800s auth=False>,
            m.gtld-servers.net.: <CE exp=172800s auth=False>},
   microsoft.com.: {  ns1.msft.net.: <CE exp=172800s auth=False>,
                      ns2.msft.net.: <CE exp=172800s auth=False>,
                      ns3.msft.net.: <CE exp=172800s auth=False>,
                      ns4.msft.net.: <CE exp=172800s auth=False>}}

Picking from slist, checking if we have an A record (probably supplied as glue) in cache for: ns3.msft.net.

    We have: ns3.msft.net.@213.199.180.53

sending question for A record for  www.microsoft.com.  to ns3.msft.net. @('213.199.180.53', 53):
0000   71 5B 00 00 00 01 00 00 00 00 00 00 03 77 77 77    q[...........www
0010   09 6D 69 63 72 6F 73 6F 66 74 03 63 6F 6D 00 00    .microsoft.com..
0020   01 00 01                                           ...


Answer received from ns3.msft.net. server is:
 {  'additional': [],
   'answer': [  (www.microsoft.com., 3600, IN, CNAME, toggle.www.ms.akadns.net.)],
   'authority': [],
   'header': <gz01.dnslib.Header.Header instance at 0x10df44488>,
   'question': [<gz01.dnslib.QE.QE instance at 0x10df44560>]}
**************************************************
Sanswers is [(www.microsoft.com., 3600, IN, CNAME, toggle.www.ms.akadns.net.)]
Best matching RR's for toggle.www.ms.akadns.net. are for parent domain "."
 the nameserves in cache for that zone are as follows:

f.root-servers.net.

This will probably get added to SLIST
NSCache is:
{  .: {  f.root-servers.net.: <CE exp=9223372035439299270s auth=True>},
   com.: {  a.gtld-servers.net.: <CE exp=172800s auth=False>,
            b.gtld-servers.net.: <CE exp=172800s auth=False>,
            c.gtld-servers.net.: <CE exp=172800s auth=False>,
            d.gtld-servers.net.: <CE exp=172800s auth=False>,
            e.gtld-servers.net.: <CE exp=172800s auth=False>,
            f.gtld-servers.net.: <CE exp=172800s auth=False>,
            g.gtld-servers.net.: <CE exp=172800s auth=False>,
            h.gtld-servers.net.: <CE exp=172800s auth=False>,
            i.gtld-servers.net.: <CE exp=172800s auth=False>,
            j.gtld-servers.net.: <CE exp=172800s auth=False>,
            k.gtld-servers.net.: <CE exp=172800s auth=False>,
            l.gtld-servers.net.: <CE exp=172800s auth=False>,
            m.gtld-servers.net.: <CE exp=172800s auth=False>},
   microsoft.com.: {  ns1.msft.net.: <CE exp=172800s auth=False>,
                      ns2.msft.net.: <CE exp=172800s auth=False>,
                      ns3.msft.net.: <CE exp=172800s auth=True>,
                      ns4.msft.net.: <CE exp=172800s auth=False>}}

Picking from slist, checking if we have an A record (probably supplied as glue) in cache for: f.root-servers.net.

    We have: f.root-servers.net.@192.5.5.241

sending question for A record for  toggle.www.ms.akadns.net.  to f.root-servers.net. @('192.5.5.241', 53):
0000   6C EA 00 00 00 01 00 00 00 00 00 00 06 74 6F 67    l............tog
0010   67 6C 65 03 77 77 77 02 6D 73 06 61 6B 61 64 6E    gle.www.ms.akadn
0020   73 03 6E 65 74 00 00 01 00 01                      s.net.....


Answer received from f.root-servers.net. server is:
 {  'additional': [  (a.gtld-servers.net., 172800, IN, A, 192.5.6.30),
                    <gz01.dnslib.RR.RR_AAAA instance at 0x10df4d098>,
                    (b.gtld-servers.net., 172800, IN, A, 192.33.14.30),
                    <gz01.dnslib.RR.RR_AAAA instance at 0x10df4d248>,
                    (c.gtld-servers.net., 172800, IN, A, 192.26.92.30),
                    (d.gtld-servers.net., 172800, IN, A, 192.31.80.30),
                    (e.gtld-servers.net., 172800, IN, A, 192.12.94.30),
                    (f.gtld-servers.net., 172800, IN, A, 192.35.51.30),
                    (g.gtld-servers.net., 172800, IN, A, 192.42.93.30),
                    (h.gtld-servers.net., 172800, IN, A, 192.54.112.30),
                    (i.gtld-servers.net., 172800, IN, A, 192.43.172.30),
                    (j.gtld-servers.net., 172800, IN, A, 192.48.79.30),
                    (k.gtld-servers.net., 172800, IN, A, 192.52.178.30),
                    (l.gtld-servers.net., 172800, IN, A, 192.41.162.30)],
   'answer': [],
   'authority': [  (net., 172800, IN, NS, l.gtld-servers.net.),
                   (net., 172800, IN, NS, a.gtld-servers.net.),
                   (net., 172800, IN, NS, g.gtld-servers.net.),
                   (net., 172800, IN, NS, b.gtld-servers.net.),
                   (net., 172800, IN, NS, i.gtld-servers.net.),
                   (net., 172800, IN, NS, m.gtld-servers.net.),
                   (net., 172800, IN, NS, d.gtld-servers.net.),
                   (net., 172800, IN, NS, c.gtld-servers.net.),
                   (net., 172800, IN, NS, e.gtld-servers.net.),
                   (net., 172800, IN, NS, j.gtld-servers.net.),
                   (net., 172800, IN, NS, h.gtld-servers.net.),
                   (net., 172800, IN, NS, f.gtld-servers.net.),
                   (net., 172800, IN, NS, k.gtld-servers.net.)],
   'header': <gz01.dnslib.Header.Header instance at 0x10df44ab8>,
   'question': [<gz01.dnslib.QE.QE instance at 0x10df44b48>]}
**************************************************
Best matching RR's for toggle.www.ms.akadns.net. are for parent domain "net."
 the nameserves in cache for that zone are as follows:

m.gtld-servers.net.

j.gtld-servers.net.

d.gtld-servers.net.

h.gtld-servers.net.

l.gtld-servers.net.

c.gtld-servers.net.

a.gtld-servers.net.

g.gtld-servers.net.

e.gtld-servers.net.

b.gtld-servers.net.

k.gtld-servers.net.

i.gtld-servers.net.

f.gtld-servers.net.

This will probably get added to SLIST
NSCache is:
{  .: {  f.root-servers.net.: <CE exp=9223372035439299270s auth=True>},
   com.: {  a.gtld-servers.net.: <CE exp=172800s auth=False>,
            b.gtld-servers.net.: <CE exp=172800s auth=False>,
            c.gtld-servers.net.: <CE exp=172800s auth=False>,
            d.gtld-servers.net.: <CE exp=172800s auth=False>,
            e.gtld-servers.net.: <CE exp=172800s auth=False>,
            f.gtld-servers.net.: <CE exp=172800s auth=False>,
            g.gtld-servers.net.: <CE exp=172800s auth=False>,
            h.gtld-servers.net.: <CE exp=172800s auth=False>,
            i.gtld-servers.net.: <CE exp=172800s auth=False>,
            j.gtld-servers.net.: <CE exp=172800s auth=False>,
            k.gtld-servers.net.: <CE exp=172800s auth=False>,
            l.gtld-servers.net.: <CE exp=172800s auth=False>,
            m.gtld-servers.net.: <CE exp=172800s auth=False>},
   microsoft.com.: {  ns1.msft.net.: <CE exp=172800s auth=False>,
                      ns2.msft.net.: <CE exp=172800s auth=False>,
                      ns3.msft.net.: <CE exp=172800s auth=True>,
                      ns4.msft.net.: <CE exp=172800s auth=False>},
   net.: {  a.gtld-servers.net.: <CE exp=172800s auth=False>,
            b.gtld-servers.net.: <CE exp=172800s auth=False>,
            c.gtld-servers.net.: <CE exp=172800s auth=False>,
            d.gtld-servers.net.: <CE exp=172800s auth=False>,
            e.gtld-servers.net.: <CE exp=172800s auth=False>,
            f.gtld-servers.net.: <CE exp=172800s auth=False>,
            g.gtld-servers.net.: <CE exp=172800s auth=False>,
            h.gtld-servers.net.: <CE exp=172800s auth=False>,
            i.gtld-servers.net.: <CE exp=172800s auth=False>,
            j.gtld-servers.net.: <CE exp=172800s auth=False>,
            k.gtld-servers.net.: <CE exp=172800s auth=False>,
            l.gtld-servers.net.: <CE exp=172800s auth=False>,
            m.gtld-servers.net.: <CE exp=172800s auth=False>}}

Picking from slist, checking if we have an A record (probably supplied as glue) in cache for: l.gtld-servers.net.

    We have: l.gtld-servers.net.@192.41.162.30

sending question for A record for  toggle.www.ms.akadns.net.  to l.gtld-servers.net. @('192.41.162.30', 53):
0000   74 83 00 00 00 01 00 00 00 00 00 00 06 74 6F 67    t............tog
0010   67 6C 65 03 77 77 77 02 6D 73 06 61 6B 61 64 6E    gle.www.ms.akadn
0020   73 03 6E 65 74 00 00 01 00 01                      s.net.....


Answer received from l.gtld-servers.net. server is:
 {  'additional': [  (a3-129.akadns.net., 172800, IN, A, 96.7.49.129),
                    (a7-131.akadns.net., 172800, IN, A, 23.61.199.131),
                    (a11-129.akadns.net., 172800, IN, A, 23.74.25.129),
                    (a1-128.akadns.net., 172800, IN, A, 193.108.88.128),
                    (a9-128.akadns.net., 172800, IN, A, 95.101.36.128)],
   'answer': [],
   'authority': [  (akadns.net., 172800, IN, NS, a3-129.akadns.net.),
                   (akadns.net., 172800, IN, NS, a7-131.akadns.net.),
                   (akadns.net., 172800, IN, NS, a11-129.akadns.net.),
                   (akadns.net., 172800, IN, NS, a1-128.akadns.net.),
                   (akadns.net., 172800, IN, NS, a9-128.akadns.net.),
                   (akadns.net., 172800, IN, NS, a5-130.akadns.org.),
                   (akadns.net., 172800, IN, NS, a13-130.akadns.org.),
                   (akadns.net., 172800, IN, NS, a4-131.akadns.org.),
                   (akadns.net., 172800, IN, NS, a10-128.akadns.org.),
                   (akadns.net., 172800, IN, NS, a28-129.akadns.org.)],
   'header': <gz01.dnslib.Header.Header instance at 0x10df520e0>,
   'question': [<gz01.dnslib.QE.QE instance at 0x10df52170>]}
**************************************************
Best matching RR's for toggle.www.ms.akadns.net. are for parent domain "akadns.net."
 the nameserves in cache for that zone are as follows:

a9-128.akadns.net.

a13-130.akadns.org.

a3-129.akadns.net.

a11-129.akadns.net.

a5-130.akadns.org.

a10-128.akadns.org.

a1-128.akadns.net.

a4-131.akadns.org.

a7-131.akadns.net.

a28-129.akadns.org.

This will probably get added to SLIST
NSCache is:
{  .: {  f.root-servers.net.: <CE exp=9223372035439299269s auth=True>},
   akadns.net.: {  a1-128.akadns.net.: <CE exp=172800s auth=False>,
                   a10-128.akadns.org.: <CE exp=172800s auth=False>,
                   a11-129.akadns.net.: <CE exp=172800s auth=False>,
                   a13-130.akadns.org.: <CE exp=172800s auth=False>,
                   a28-129.akadns.org.: <CE exp=172800s auth=False>,
                   a3-129.akadns.net.: <CE exp=172800s auth=False>,
                   a4-131.akadns.org.: <CE exp=172800s auth=False>,
                   a5-130.akadns.org.: <CE exp=172800s auth=False>,
                   a7-131.akadns.net.: <CE exp=172800s auth=False>,
                   a9-128.akadns.net.: <CE exp=172800s auth=False>},
   com.: {  a.gtld-servers.net.: <CE exp=172799s auth=False>,
            b.gtld-servers.net.: <CE exp=172799s auth=False>,
            c.gtld-servers.net.: <CE exp=172799s auth=False>,
            d.gtld-servers.net.: <CE exp=172799s auth=False>,
            e.gtld-servers.net.: <CE exp=172799s auth=False>,
            f.gtld-servers.net.: <CE exp=172799s auth=False>,
            g.gtld-servers.net.: <CE exp=172799s auth=False>,
            h.gtld-servers.net.: <CE exp=172799s auth=False>,
            i.gtld-servers.net.: <CE exp=172799s auth=False>,
            j.gtld-servers.net.: <CE exp=172799s auth=False>,
            k.gtld-servers.net.: <CE exp=172799s auth=False>,
            l.gtld-servers.net.: <CE exp=172799s auth=False>,
            m.gtld-servers.net.: <CE exp=172799s auth=False>},
   microsoft.com.: {  ns1.msft.net.: <CE exp=172799s auth=False>,
                      ns2.msft.net.: <CE exp=172799s auth=False>,
                      ns3.msft.net.: <CE exp=172799s auth=True>,
                      ns4.msft.net.: <CE exp=172799s auth=False>},
   net.: {  a.gtld-servers.net.: <CE exp=172799s auth=False>,
            b.gtld-servers.net.: <CE exp=172799s auth=False>,
            c.gtld-servers.net.: <CE exp=172799s auth=False>,
            d.gtld-servers.net.: <CE exp=172799s auth=False>,
            e.gtld-servers.net.: <CE exp=172799s auth=False>,
            f.gtld-servers.net.: <CE exp=172799s auth=False>,
            g.gtld-servers.net.: <CE exp=172799s auth=False>,
            h.gtld-servers.net.: <CE exp=172799s auth=False>,
            i.gtld-servers.net.: <CE exp=172799s auth=False>,
            j.gtld-servers.net.: <CE exp=172799s auth=False>,
            k.gtld-servers.net.: <CE exp=172799s auth=False>,
            l.gtld-servers.net.: <CE exp=172799s auth=False>,
            m.gtld-servers.net.: <CE exp=172799s auth=False>}}

Picking from slist, checking if we have an A record (probably supplied as glue) in cache for: a3-129.akadns.net.

    We have: a3-129.akadns.net.@96.7.49.129

sending question for A record for  toggle.www.ms.akadns.net.  to a3-129.akadns.net. @('96.7.49.129', 53):
0000   66 7B 00 00 00 01 00 00 00 00 00 00 06 74 6F 67    f{...........tog
0010   67 6C 65 03 77 77 77 02 6D 73 06 61 6B 61 64 6E    gle.www.ms.akadn
0020   73 03 6E 65 74 00 00 01 00 01                      s.net.....


NSCache INIT = 
{.: {f.root-servers.net.: <CE exp=9223372035439299261s auth=True>}}









































================================================================================================================================================================================================================================================================================================================================================================================================================
Best matching RR's for www.microsoft.com. are for parent domain "."
 the nameserves in cache for that zone are as follows:

f.root-servers.net.

This will probably get added to SLIST
NSCache is:
{  .: {  f.root-servers.net.: <CE exp=9223372035439299260s auth=True>}}

Picking from slist, checking if we have an A record (probably supplied as glue) in cache for: f.root-servers.net.

    We have: f.root-servers.net.@192.5.5.241

sending question for A record for  www.microsoft.com.  to f.root-servers.net. @('192.5.5.241', 53):
0000   EC 81 00 00 00 01 00 00 00 00 00 00 03 77 77 77    .............www
0010   09 6D 69 63 72 6F 73 6F 66 74 03 63 6F 6D 00 00    .microsoft.com..
0020   01 00 01                                           ...


Answer received from f.root-servers.net. server is:
 {  'additional': [  (a.gtld-servers.net., 172800, IN, A, 192.5.6.30),
                    <gz01.dnslib.RR.RR_AAAA instance at 0x1022723f8>,
                    (b.gtld-servers.net., 172800, IN, A, 192.33.14.30),
                    <gz01.dnslib.RR.RR_AAAA instance at 0x1022725a8>,
                    (c.gtld-servers.net., 172800, IN, A, 192.26.92.30),
                    (d.gtld-servers.net., 172800, IN, A, 192.31.80.30),
                    (e.gtld-servers.net., 172800, IN, A, 192.12.94.30),
                    (f.gtld-servers.net., 172800, IN, A, 192.35.51.30),
                    (g.gtld-servers.net., 172800, IN, A, 192.42.93.30),
                    (h.gtld-servers.net., 172800, IN, A, 192.54.112.30),
                    (i.gtld-servers.net., 172800, IN, A, 192.43.172.30),
                    (j.gtld-servers.net., 172800, IN, A, 192.48.79.30),
                    (k.gtld-servers.net., 172800, IN, A, 192.52.178.30),
                    (l.gtld-servers.net., 172800, IN, A, 192.41.162.30)],
   'answer': [],
   'authority': [  (com., 172800, IN, NS, d.gtld-servers.net.),
                   (com., 172800, IN, NS, k.gtld-servers.net.),
                   (com., 172800, IN, NS, e.gtld-servers.net.),
                   (com., 172800, IN, NS, h.gtld-servers.net.),
                   (com., 172800, IN, NS, i.gtld-servers.net.),
                   (com., 172800, IN, NS, b.gtld-servers.net.),
                   (com., 172800, IN, NS, g.gtld-servers.net.),
                   (com., 172800, IN, NS, m.gtld-servers.net.),
                   (com., 172800, IN, NS, f.gtld-servers.net.),
                   (com., 172800, IN, NS, l.gtld-servers.net.),
                   (com., 172800, IN, NS, j.gtld-servers.net.),
                   (com., 172800, IN, NS, c.gtld-servers.net.),
                   (com., 172800, IN, NS, a.gtld-servers.net.)],
   'header': <gz01.dnslib.Header.Header instance at 0x102262cf8>,
   'question': [<gz01.dnslib.QE.QE instance at 0x102262e60>]}
**************************************************
Best matching RR's for www.microsoft.com. are for parent domain "com."
 the nameserves in cache for that zone are as follows:

m.gtld-servers.net.

j.gtld-servers.net.

d.gtld-servers.net.

h.gtld-servers.net.

l.gtld-servers.net.

c.gtld-servers.net.

a.gtld-servers.net.

g.gtld-servers.net.

e.gtld-servers.net.

b.gtld-servers.net.

k.gtld-servers.net.

i.gtld-servers.net.

f.gtld-servers.net.

This will probably get added to SLIST
NSCache is:
{  .: {  f.root-servers.net.: <CE exp=9223372035439299260s auth=True>},
   com.: {  a.gtld-servers.net.: <CE exp=172800s auth=False>,
            b.gtld-servers.net.: <CE exp=172800s auth=False>,
            c.gtld-servers.net.: <CE exp=172800s auth=False>,
            d.gtld-servers.net.: <CE exp=172800s auth=False>,
            e.gtld-servers.net.: <CE exp=172800s auth=False>,
            f.gtld-servers.net.: <CE exp=172800s auth=False>,
            g.gtld-servers.net.: <CE exp=172800s auth=False>,
            h.gtld-servers.net.: <CE exp=172800s auth=False>,
            i.gtld-servers.net.: <CE exp=172800s auth=False>,
            j.gtld-servers.net.: <CE exp=172800s auth=False>,
            k.gtld-servers.net.: <CE exp=172800s auth=False>,
            l.gtld-servers.net.: <CE exp=172800s auth=False>,
            m.gtld-servers.net.: <CE exp=172800s auth=False>}}

Picking from slist, checking if we have an A record (probably supplied as glue) in cache for: d.gtld-servers.net.

    We have: d.gtld-servers.net.@192.31.80.30

sending question for A record for  www.microsoft.com.  to d.gtld-servers.net. @('192.31.80.30', 53):
0000   72 43 00 00 00 01 00 00 00 00 00 00 03 77 77 77    rC...........www
0010   09 6D 69 63 72 6F 73 6F 66 74 03 63 6F 6D 00 00    .microsoft.com..
0020   01 00 01                                           ...


Answer received from d.gtld-servers.net. server is:
 {  'additional': [  (ns3.msft.net., 172800, IN, A, 213.199.180.53),
                    <gz01.dnslib.RR.RR_AAAA instance at 0x10227d830>,
                    <gz01.dnslib.RR.RR_AAAA instance at 0x10227d908>,
                    (ns1.msft.net., 172800, IN, A, 65.55.37.62),
                    (ns2.msft.net., 172800, IN, A, 208.84.2.53),
                    <gz01.dnslib.RR.RR_AAAA instance at 0x10227db90>,
                    (ns4.msft.net., 172800, IN, A, 208.76.45.53),
                    <gz01.dnslib.RR.RR_AAAA instance at 0x10227dd40>],
   'answer': [],
   'authority': [  (microsoft.com., 172800, IN, NS, ns3.msft.net.),
                   (microsoft.com., 172800, IN, NS, ns1.msft.net.),
                   (microsoft.com., 172800, IN, NS, ns2.msft.net.),
                   (microsoft.com., 172800, IN, NS, ns4.msft.net.)],
   'header': <gz01.dnslib.Header.Header instance at 0x102278f80>,
   'question': [<gz01.dnslib.QE.QE instance at 0x10227d098>]}
**************************************************
Best matching RR's for www.microsoft.com. are for parent domain "microsoft.com."
 the nameserves in cache for that zone are as follows:

ns1.msft.net.

ns4.msft.net.

ns3.msft.net.

ns2.msft.net.

This will probably get added to SLIST
NSCache is:
{  .: {  f.root-servers.net.: <CE exp=9223372035439299260s auth=True>},
   com.: {  a.gtld-servers.net.: <CE exp=172800s auth=False>,
            b.gtld-servers.net.: <CE exp=172800s auth=False>,
            c.gtld-servers.net.: <CE exp=172800s auth=False>,
            d.gtld-servers.net.: <CE exp=172800s auth=False>,
            e.gtld-servers.net.: <CE exp=172800s auth=False>,
            f.gtld-servers.net.: <CE exp=172800s auth=False>,
            g.gtld-servers.net.: <CE exp=172800s auth=False>,
            h.gtld-servers.net.: <CE exp=172800s auth=False>,
            i.gtld-servers.net.: <CE exp=172800s auth=False>,
            j.gtld-servers.net.: <CE exp=172800s auth=False>,
            k.gtld-servers.net.: <CE exp=172800s auth=False>,
            l.gtld-servers.net.: <CE exp=172800s auth=False>,
            m.gtld-servers.net.: <CE exp=172800s auth=False>},
   microsoft.com.: {  ns1.msft.net.: <CE exp=172800s auth=False>,
                      ns2.msft.net.: <CE exp=172800s auth=False>,
                      ns3.msft.net.: <CE exp=172800s auth=False>,
                      ns4.msft.net.: <CE exp=172800s auth=False>}}

Picking from slist, checking if we have an A record (probably supplied as glue) in cache for: ns3.msft.net.

    We have: ns3.msft.net.@213.199.180.53

sending question for A record for  www.microsoft.com.  to ns3.msft.net. @('213.199.180.53', 53):
0000   7F 4D 00 00 00 01 00 00 00 00 00 00 03 77 77 77    .M...........www
0010   09 6D 69 63 72 6F 73 6F 66 74 03 63 6F 6D 00 00    .microsoft.com..
0020   01 00 01                                           ...


Answer received from ns3.msft.net. server is:
 {  'additional': [],
   'answer': [  (www.microsoft.com., 3600, IN, CNAME, toggle.www.ms.akadns.net.)],
   'authority': [],
   'header': <gz01.dnslib.Header.Header instance at 0x1022824d0>,
   'question': [<gz01.dnslib.QE.QE instance at 0x1022825a8>]}
**************************************************
Sanswers is [(www.microsoft.com., 3600, IN, CNAME, toggle.www.ms.akadns.net.)]
Best matching RR's for toggle.www.ms.akadns.net. are for parent domain "."
 the nameserves in cache for that zone are as follows:

f.root-servers.net.

This will probably get added to SLIST
NSCache is:
{  .: {  f.root-servers.net.: <CE exp=9223372035439299260s auth=True>},
   com.: {  a.gtld-servers.net.: <CE exp=172800s auth=False>,
            b.gtld-servers.net.: <CE exp=172800s auth=False>,
            c.gtld-servers.net.: <CE exp=172800s auth=False>,
            d.gtld-servers.net.: <CE exp=172800s auth=False>,
            e.gtld-servers.net.: <CE exp=172800s auth=False>,
            f.gtld-servers.net.: <CE exp=172800s auth=False>,
            g.gtld-servers.net.: <CE exp=172800s auth=False>,
            h.gtld-servers.net.: <CE exp=172800s auth=False>,
            i.gtld-servers.net.: <CE exp=172800s auth=False>,
            j.gtld-servers.net.: <CE exp=172800s auth=False>,
            k.gtld-servers.net.: <CE exp=172800s auth=False>,
            l.gtld-servers.net.: <CE exp=172800s auth=False>,
            m.gtld-servers.net.: <CE exp=172800s auth=False>},
   microsoft.com.: {  ns1.msft.net.: <CE exp=172800s auth=False>,
                      ns2.msft.net.: <CE exp=172800s auth=False>,
                      ns3.msft.net.: <CE exp=172800s auth=True>,
                      ns4.msft.net.: <CE exp=172800s auth=False>}}

Picking from slist, checking if we have an A record (probably supplied as glue) in cache for: f.root-servers.net.

    We have: f.root-servers.net.@192.5.5.241

sending question for A record for  toggle.www.ms.akadns.net.  to f.root-servers.net. @('192.5.5.241', 53):
0000   6A 37 00 00 00 01 00 00 00 00 00 00 06 74 6F 67    j7...........tog
0010   67 6C 65 03 77 77 77 02 6D 73 06 61 6B 61 64 6E    gle.www.ms.akadn
0020   73 03 6E 65 74 00 00 01 00 01                      s.net.....


Answer received from f.root-servers.net. server is:
 {  'additional': [  (a.gtld-servers.net., 172800, IN, A, 192.5.6.30),
                    <gz01.dnslib.RR.RR_AAAA instance at 0x10228b0e0>,
                    (b.gtld-servers.net., 172800, IN, A, 192.33.14.30),
                    <gz01.dnslib.RR.RR_AAAA instance at 0x10228b290>,
                    (c.gtld-servers.net., 172800, IN, A, 192.26.92.30),
                    (d.gtld-servers.net., 172800, IN, A, 192.31.80.30),
                    (e.gtld-servers.net., 172800, IN, A, 192.12.94.30),
                    (f.gtld-servers.net., 172800, IN, A, 192.35.51.30),
                    (g.gtld-servers.net., 172800, IN, A, 192.42.93.30),
                    (h.gtld-servers.net., 172800, IN, A, 192.54.112.30),
                    (i.gtld-servers.net., 172800, IN, A, 192.43.172.30),
                    (j.gtld-servers.net., 172800, IN, A, 192.48.79.30),
                    (k.gtld-servers.net., 172800, IN, A, 192.52.178.30),
                    (l.gtld-servers.net., 172800, IN, A, 192.41.162.30)],
   'answer': [],
   'authority': [  (net., 172800, IN, NS, b.gtld-servers.net.),
                   (net., 172800, IN, NS, a.gtld-servers.net.),
                   (net., 172800, IN, NS, f.gtld-servers.net.),
                   (net., 172800, IN, NS, h.gtld-servers.net.),
                   (net., 172800, IN, NS, e.gtld-servers.net.),
                   (net., 172800, IN, NS, d.gtld-servers.net.),
                   (net., 172800, IN, NS, i.gtld-servers.net.),
                   (net., 172800, IN, NS, l.gtld-servers.net.),
                   (net., 172800, IN, NS, c.gtld-servers.net.),
                   (net., 172800, IN, NS, k.gtld-servers.net.),
                   (net., 172800, IN, NS, g.gtld-servers.net.),
                   (net., 172800, IN, NS, m.gtld-servers.net.),
                   (net., 172800, IN, NS, j.gtld-servers.net.)],
   'header': <gz01.dnslib.Header.Header instance at 0x102282b00>,
   'question': [<gz01.dnslib.QE.QE instance at 0x102282b90>]}
**************************************************
Best matching RR's for toggle.www.ms.akadns.net. are for parent domain "net."
 the nameserves in cache for that zone are as follows:

m.gtld-servers.net.

j.gtld-servers.net.

d.gtld-servers.net.

h.gtld-servers.net.

l.gtld-servers.net.

c.gtld-servers.net.

a.gtld-servers.net.

g.gtld-servers.net.

e.gtld-servers.net.

b.gtld-servers.net.

k.gtld-servers.net.

i.gtld-servers.net.

f.gtld-servers.net.

This will probably get added to SLIST
NSCache is:
{  .: {  f.root-servers.net.: <CE exp=9223372035439299260s auth=True>},
   com.: {  a.gtld-servers.net.: <CE exp=172800s auth=False>,
            b.gtld-servers.net.: <CE exp=172800s auth=False>,
            c.gtld-servers.net.: <CE exp=172800s auth=False>,
            d.gtld-servers.net.: <CE exp=172800s auth=False>,
            e.gtld-servers.net.: <CE exp=172800s auth=False>,
            f.gtld-servers.net.: <CE exp=172800s auth=False>,
            g.gtld-servers.net.: <CE exp=172800s auth=False>,
            h.gtld-servers.net.: <CE exp=172800s auth=False>,
            i.gtld-servers.net.: <CE exp=172800s auth=False>,
            j.gtld-servers.net.: <CE exp=172800s auth=False>,
            k.gtld-servers.net.: <CE exp=172800s auth=False>,
            l.gtld-servers.net.: <CE exp=172800s auth=False>,
            m.gtld-servers.net.: <CE exp=172800s auth=False>},
   microsoft.com.: {  ns1.msft.net.: <CE exp=172800s auth=False>,
                      ns2.msft.net.: <CE exp=172800s auth=False>,
                      ns3.msft.net.: <CE exp=172800s auth=True>,
                      ns4.msft.net.: <CE exp=172800s auth=False>},
   net.: {  a.gtld-servers.net.: <CE exp=172800s auth=False>,
            b.gtld-servers.net.: <CE exp=172800s auth=False>,
            c.gtld-servers.net.: <CE exp=172800s auth=False>,
            d.gtld-servers.net.: <CE exp=172800s auth=False>,
            e.gtld-servers.net.: <CE exp=172800s auth=False>,
            f.gtld-servers.net.: <CE exp=172800s auth=False>,
            g.gtld-servers.net.: <CE exp=172800s auth=False>,
            h.gtld-servers.net.: <CE exp=172800s auth=False>,
            i.gtld-servers.net.: <CE exp=172800s auth=False>,
            j.gtld-servers.net.: <CE exp=172800s auth=False>,
            k.gtld-servers.net.: <CE exp=172800s auth=False>,
            l.gtld-servers.net.: <CE exp=172800s auth=False>,
            m.gtld-servers.net.: <CE exp=172800s auth=False>}}

Picking from slist, checking if we have an A record (probably supplied as glue) in cache for: b.gtld-servers.net.

    We have: b.gtld-servers.net.@192.33.14.30

sending question for A record for  toggle.www.ms.akadns.net.  to b.gtld-servers.net. @('192.33.14.30', 53):
0000   B6 70 00 00 00 01 00 00 00 00 00 00 06 74 6F 67    .p...........tog
0010   67 6C 65 03 77 77 77 02 6D 73 06 61 6B 61 64 6E    gle.www.ms.akadn
0020   73 03 6E 65 74 00 00 01 00 01                      s.net.....


Answer received from b.gtld-servers.net. server is:
 {  'additional': [  (a3-129.akadns.net., 172800, IN, A, 96.7.49.129),
                    (a7-131.akadns.net., 172800, IN, A, 23.61.199.131),
                    (a11-129.akadns.net., 172800, IN, A, 23.74.25.129),
                    (a1-128.akadns.net., 172800, IN, A, 193.108.88.128),
                    (a9-128.akadns.net., 172800, IN, A, 95.101.36.128)],
   'answer': [],
   'authority': [  (akadns.net., 172800, IN, NS, a3-129.akadns.net.),
                   (akadns.net., 172800, IN, NS, a7-131.akadns.net.),
                   (akadns.net., 172800, IN, NS, a11-129.akadns.net.),
                   (akadns.net., 172800, IN, NS, a1-128.akadns.net.),
                   (akadns.net., 172800, IN, NS, a9-128.akadns.net.),
                   (akadns.net., 172800, IN, NS, a5-130.akadns.org.),
                   (akadns.net., 172800, IN, NS, a13-130.akadns.org.),
                   (akadns.net., 172800, IN, NS, a4-131.akadns.org.),
                   (akadns.net., 172800, IN, NS, a10-128.akadns.org.),
                   (akadns.net., 172800, IN, NS, a28-129.akadns.org.)],
   'header': <gz01.dnslib.Header.Header instance at 0x102290128>,
   'question': [<gz01.dnslib.QE.QE instance at 0x1022901b8>]}
**************************************************
Best matching RR's for toggle.www.ms.akadns.net. are for parent domain "akadns.net."
 the nameserves in cache for that zone are as follows:

a9-128.akadns.net.

a13-130.akadns.org.

a3-129.akadns.net.

a11-129.akadns.net.

a5-130.akadns.org.

a10-128.akadns.org.

a1-128.akadns.net.

a4-131.akadns.org.

a7-131.akadns.net.

a28-129.akadns.org.

This will probably get added to SLIST
NSCache is:
{  .: {  f.root-servers.net.: <CE exp=9223372035439299260s auth=True>},
   akadns.net.: {  a1-128.akadns.net.: <CE exp=172800s auth=False>,
                   a10-128.akadns.org.: <CE exp=172800s auth=False>,
                   a11-129.akadns.net.: <CE exp=172800s auth=False>,
                   a13-130.akadns.org.: <CE exp=172800s auth=False>,
                   a28-129.akadns.org.: <CE exp=172800s auth=False>,
                   a3-129.akadns.net.: <CE exp=172800s auth=False>,
                   a4-131.akadns.org.: <CE exp=172800s auth=False>,
                   a5-130.akadns.org.: <CE exp=172800s auth=False>,
                   a7-131.akadns.net.: <CE exp=172800s auth=False>,
                   a9-128.akadns.net.: <CE exp=172800s auth=False>},
   com.: {  a.gtld-servers.net.: <CE exp=172800s auth=False>,
            b.gtld-servers.net.: <CE exp=172800s auth=False>,
            c.gtld-servers.net.: <CE exp=172800s auth=False>,
            d.gtld-servers.net.: <CE exp=172800s auth=False>,
            e.gtld-servers.net.: <CE exp=172800s auth=False>,
            f.gtld-servers.net.: <CE exp=172800s auth=False>,
            g.gtld-servers.net.: <CE exp=172800s auth=False>,
            h.gtld-servers.net.: <CE exp=172800s auth=False>,
            i.gtld-servers.net.: <CE exp=172800s auth=False>,
            j.gtld-servers.net.: <CE exp=172800s auth=False>,
            k.gtld-servers.net.: <CE exp=172800s auth=False>,
            l.gtld-servers.net.: <CE exp=172800s auth=False>,
            m.gtld-servers.net.: <CE exp=172800s auth=False>},
   microsoft.com.: {  ns1.msft.net.: <CE exp=172800s auth=False>,
                      ns2.msft.net.: <CE exp=172800s auth=False>,
                      ns3.msft.net.: <CE exp=172800s auth=True>,
                      ns4.msft.net.: <CE exp=172800s auth=False>},
   net.: {  a.gtld-servers.net.: <CE exp=172800s auth=False>,
            b.gtld-servers.net.: <CE exp=172800s auth=False>,
            c.gtld-servers.net.: <CE exp=172800s auth=False>,
            d.gtld-servers.net.: <CE exp=172800s auth=False>,
            e.gtld-servers.net.: <CE exp=172800s auth=False>,
            f.gtld-servers.net.: <CE exp=172800s auth=False>,
            g.gtld-servers.net.: <CE exp=172800s auth=False>,
            h.gtld-servers.net.: <CE exp=172800s auth=False>,
            i.gtld-servers.net.: <CE exp=172800s auth=False>,
            j.gtld-servers.net.: <CE exp=172800s auth=False>,
            k.gtld-servers.net.: <CE exp=172800s auth=False>,
            l.gtld-servers.net.: <CE exp=172800s auth=False>,
            m.gtld-servers.net.: <CE exp=172800s auth=False>}}

Picking from slist, checking if we have an A record (probably supplied as glue) in cache for: a3-129.akadns.net.

    We have: a3-129.akadns.net.@96.7.49.129

sending question for A record for  toggle.www.ms.akadns.net.  to a3-129.akadns.net. @('96.7.49.129', 53):
0000   3C 9E 00 00 00 01 00 00 00 00 00 00 06 74 6F 67    <............tog
0010   67 6C 65 03 77 77 77 02 6D 73 06 61 6B 61 64 6E    gle.www.ms.akadn
0020   73 03 6E 65 74 00 00 01 00 01                      s.net.....


Answer received from a3-129.akadns.net. server is:
 {  'additional': [],
   'answer': [  (toggle.www.ms.akadns.net., 300, IN, CNAME, c.www.ms.akadns.net.)],
   'authority': [],
   'header': <gz01.dnslib.Header.Header instance at 0x102293e60>,
   'question': [<gz01.dnslib.QE.QE instance at 0x102293ef0>]}
**************************************************
Sanswers is [  (www.microsoft.com., 3600, IN, CNAME, toggle.www.ms.akadns.net.),
   (toggle.www.ms.akadns.net., 300, IN, CNAME, c.www.ms.akadns.net.)]
Best matching RR's for c.www.ms.akadns.net. are for parent domain "akadns.net."
 the nameserves in cache for that zone are as follows:

a9-128.akadns.net.

a13-130.akadns.org.

a3-129.akadns.net.

a11-129.akadns.net.

a5-130.akadns.org.

a10-128.akadns.org.

a1-128.akadns.net.

a4-131.akadns.org.

a7-131.akadns.net.

a28-129.akadns.org.

This will probably get added to SLIST
NSCache is:
{  .: {  f.root-servers.net.: <CE exp=9223372035439299260s auth=True>},
   akadns.net.: {  a1-128.akadns.net.: <CE exp=172800s auth=False>,
                   a10-128.akadns.org.: <CE exp=172800s auth=False>,
                   a11-129.akadns.net.: <CE exp=172800s auth=False>,
                   a13-130.akadns.org.: <CE exp=172800s auth=False>,
                   a28-129.akadns.org.: <CE exp=172800s auth=False>,
                   a3-129.akadns.net.: <CE exp=172800s auth=True>,
                   a4-131.akadns.org.: <CE exp=172800s auth=False>,
                   a5-130.akadns.org.: <CE exp=172800s auth=False>,
                   a7-131.akadns.net.: <CE exp=172800s auth=False>,
                   a9-128.akadns.net.: <CE exp=172800s auth=False>},
   com.: {  a.gtld-servers.net.: <CE exp=172800s auth=False>,
            b.gtld-servers.net.: <CE exp=172800s auth=False>,
            c.gtld-servers.net.: <CE exp=172800s auth=False>,
            d.gtld-servers.net.: <CE exp=172800s auth=False>,
            e.gtld-servers.net.: <CE exp=172800s auth=False>,
            f.gtld-servers.net.: <CE exp=172800s auth=False>,
            g.gtld-servers.net.: <CE exp=172800s auth=False>,
            h.gtld-servers.net.: <CE exp=172800s auth=False>,
            i.gtld-servers.net.: <CE exp=172800s auth=False>,
            j.gtld-servers.net.: <CE exp=172800s auth=False>,
            k.gtld-servers.net.: <CE exp=172800s auth=False>,
            l.gtld-servers.net.: <CE exp=172800s auth=False>,
            m.gtld-servers.net.: <CE exp=172800s auth=False>},
   microsoft.com.: {  ns1.msft.net.: <CE exp=172800s auth=False>,
                      ns2.msft.net.: <CE exp=172800s auth=False>,
                      ns3.msft.net.: <CE exp=172800s auth=True>,
                      ns4.msft.net.: <CE exp=172800s auth=False>},
   net.: {  a.gtld-servers.net.: <CE exp=172800s auth=False>,
            b.gtld-servers.net.: <CE exp=172800s auth=False>,
            c.gtld-servers.net.: <CE exp=172800s auth=False>,
            d.gtld-servers.net.: <CE exp=172800s auth=False>,
            e.gtld-servers.net.: <CE exp=172800s auth=False>,
            f.gtld-servers.net.: <CE exp=172800s auth=False>,
            g.gtld-servers.net.: <CE exp=172800s auth=False>,
            h.gtld-servers.net.: <CE exp=172800s auth=False>,
            i.gtld-servers.net.: <CE exp=172800s auth=False>,
            j.gtld-servers.net.: <CE exp=172800s auth=False>,
            k.gtld-servers.net.: <CE exp=172800s auth=False>,
            l.gtld-servers.net.: <CE exp=172800s auth=False>,
            m.gtld-servers.net.: <CE exp=172800s auth=False>}}

Picking from slist, checking if we have an A record (probably supplied as glue) in cache for: a3-129.akadns.net.

    We have: a3-129.akadns.net.@96.7.49.129

sending question for A record for  c.www.ms.akadns.net.  to a3-129.akadns.net. @('96.7.49.129', 53):
0000   E8 E2 00 00 00 01 00 00 00 00 00 00 01 63 03 77    .............c.w
0010   77 77 02 6D 73 06 61 6B 61 64 6E 73 03 6E 65 74    ww.ms.akadns.net
0020   00 00 01 00 01                                     .....


Answer received from a3-129.akadns.net. server is:
 {  'additional': [],
   'answer': [(c.www.ms.akadns.net., 300, IN, CNAME, lb1.www.ms.akadns.net.)],
   'authority': [],
   'header': <gz01.dnslib.Header.Header instance at 0x102298488>,
   'question': [<gz01.dnslib.QE.QE instance at 0x102298518>]}
**************************************************
Sanswers is [  (www.microsoft.com., 3600, IN, CNAME, toggle.www.ms.akadns.net.),
   (toggle.www.ms.akadns.net., 300, IN, CNAME, c.www.ms.akadns.net.),
   (c.www.ms.akadns.net., 300, IN, CNAME, lb1.www.ms.akadns.net.)]
Best matching RR's for lb1.www.ms.akadns.net. are for parent domain "akadns.net."
 the nameserves in cache for that zone are as follows:

a9-128.akadns.net.

a13-130.akadns.org.

a3-129.akadns.net.

a11-129.akadns.net.

a5-130.akadns.org.

a10-128.akadns.org.

a1-128.akadns.net.

a4-131.akadns.org.

a7-131.akadns.net.

a28-129.akadns.org.

This will probably get added to SLIST
NSCache is:
{  .: {  f.root-servers.net.: <CE exp=9223372035439299260s auth=True>},
   akadns.net.: {  a1-128.akadns.net.: <CE exp=172800s auth=False>,
                   a10-128.akadns.org.: <CE exp=172800s auth=False>,
                   a11-129.akadns.net.: <CE exp=172800s auth=False>,
                   a13-130.akadns.org.: <CE exp=172800s auth=False>,
                   a28-129.akadns.org.: <CE exp=172800s auth=False>,
                   a3-129.akadns.net.: <CE exp=172800s auth=True>,
                   a4-131.akadns.org.: <CE exp=172800s auth=False>,
                   a5-130.akadns.org.: <CE exp=172800s auth=False>,
                   a7-131.akadns.net.: <CE exp=172800s auth=False>,
                   a9-128.akadns.net.: <CE exp=172800s auth=False>},
   com.: {  a.gtld-servers.net.: <CE exp=172800s auth=False>,
            b.gtld-servers.net.: <CE exp=172800s auth=False>,
            c.gtld-servers.net.: <CE exp=172800s auth=False>,
            d.gtld-servers.net.: <CE exp=172800s auth=False>,
            e.gtld-servers.net.: <CE exp=172800s auth=False>,
            f.gtld-servers.net.: <CE exp=172800s auth=False>,
            g.gtld-servers.net.: <CE exp=172800s auth=False>,
            h.gtld-servers.net.: <CE exp=172800s auth=False>,
            i.gtld-servers.net.: <CE exp=172800s auth=False>,
            j.gtld-servers.net.: <CE exp=172800s auth=False>,
            k.gtld-servers.net.: <CE exp=172800s auth=False>,
            l.gtld-servers.net.: <CE exp=172800s auth=False>,
            m.gtld-servers.net.: <CE exp=172800s auth=False>},
   microsoft.com.: {  ns1.msft.net.: <CE exp=172800s auth=False>,
                      ns2.msft.net.: <CE exp=172800s auth=False>,
                      ns3.msft.net.: <CE exp=172800s auth=True>,
                      ns4.msft.net.: <CE exp=172800s auth=False>},
   net.: {  a.gtld-servers.net.: <CE exp=172800s auth=False>,
            b.gtld-servers.net.: <CE exp=172800s auth=False>,
            c.gtld-servers.net.: <CE exp=172800s auth=False>,
            d.gtld-servers.net.: <CE exp=172800s auth=False>,
            e.gtld-servers.net.: <CE exp=172800s auth=False>,
            f.gtld-servers.net.: <CE exp=172800s auth=False>,
            g.gtld-servers.net.: <CE exp=172800s auth=False>,
            h.gtld-servers.net.: <CE exp=172800s auth=False>,
            i.gtld-servers.net.: <CE exp=172800s auth=False>,
            j.gtld-servers.net.: <CE exp=172800s auth=False>,
            k.gtld-servers.net.: <CE exp=172800s auth=False>,
            l.gtld-servers.net.: <CE exp=172800s auth=False>,
            m.gtld-servers.net.: <CE exp=172800s auth=False>}}

Picking from slist, checking if we have an A record (probably supplied as glue) in cache for: a3-129.akadns.net.

    We have: a3-129.akadns.net.@96.7.49.129

sending question for A record for  lb1.www.ms.akadns.net.  to a3-129.akadns.net. @('96.7.49.129', 53):
0000   0D C0 00 00 00 01 00 00 00 00 00 00 03 6C 62 31    .............lb1
0010   03 77 77 77 02 6D 73 06 61 6B 61 64 6E 73 03 6E    .www.ms.akadns.n
0020   65 74 00 00 01 00 01                               et.....


Answer received from a3-129.akadns.net. server is:
 {  'additional': [],
   'answer': [(lb1.www.ms.akadns.net., 300, IN, A, 134.170.188.84)],
   'authority': [],
   'header': <gz01.dnslib.Header.Header instance at 0x102298a70>,
   'question': [<gz01.dnslib.QE.QE instance at 0x102298b00>]}
**************************************************
Sanswers is [  (www.microsoft.com., 3600, IN, CNAME, toggle.www.ms.akadns.net.),
   (toggle.www.ms.akadns.net., 300, IN, CNAME, c.www.ms.akadns.net.),
   (c.www.ms.akadns.net., 300, IN, CNAME, lb1.www.ms.akadns.net.),
   (lb1.www.ms.akadns.net., 300, IN, A, 134.170.188.84)]
&#&#&#&#&#&#&#&#&#&#&#&#&#&#&#&#&#&#&#&#&#&#&#&#&#&#&#&#&#&#&#&#&#&#&#&#&#&#&#&#&#&#&#&#&#&#&#&#&#&#


Response:
(61161, <gz01.dnslib.QE.QE instance at 0x1022627e8>, [(www.microsoft.com., 3600, IN, CNAME, toggle.www.ms.akadns.net.), (toggle.www.ms.akadns.net., 300, IN, CNAME, c.www.ms.akadns.net.), (c.www.ms.akadns.net., 300, IN, CNAME, lb1.www.ms.akadns.net.), (lb1.www.ms.akadns.net., 300, IN, A, 134.170.188.84)], [(microsoft.com., 172800, IN, NS, ns3.msft.net.), (akadns.net., 172800, IN, NS, a3-129.akadns.net.)], [(ns3.msft.net., 172800, IN, A, 213.199.180.53), (a3-129.akadns.net., 172800, IN, A, 96.7.49.129)])









































================================================================================================================================================================================================================================================================================================================================================================================================================
